{"uid":"8902fbea99cd93b5","name":"test_attachments","fullName":"tests.test_attachments#test_attachments","historyId":"a5b9628e7aa5b269762a622087644994","time":{"start":1711378558637,"stop":1711378558637,"duration":0},"status":"broken","statusMessage":"selenium.common.exceptions.SessionNotCreatedException: Message: session not created: Chrome failed to start: exited normally.\n  (session not created: DevToolsActivePort file doesn't exist)\n  (The process started from chrome location /usr/bin/google-chrome is no longer running, so ChromeDriver is assuming that Chrome has crashed.)\nStacktrace:\n#0 0x55616b7d3f33 <unknown>\n#1 0x55616b4cbce6 <unknown>\n#2 0x55616b5006fa <unknown>\n#3 0x55616b4fc6ed <unknown>\n#4 0x55616b54571c <unknown>\n#5 0x55616b538c53 <unknown>\n#6 0x55616b509db3 <unknown>\n#7 0x55616b50a77e <unknown>\n#8 0x55616b79986b <unknown>\n#9 0x55616b79d885 <unknown>\n#10 0x55616b787181 <unknown>\n#11 0x55616b79e412 <unknown>\n#12 0x55616b76b25f <unknown>\n#13 0x55616b7c2528 <unknown>\n#14 0x55616b7c2723 <unknown>\n#15 0x55616b7d30e4 <unknown>\n#16 0x7f2190094ac3 <unknown>","statusTrace":"self = <allure_commons._allure.fixture object at 0x7f46d7cdd670>, args = ()\nkwargs = {}\n\n    def __call__(self, *args, **kwargs):\n        self.parameters = func_parameters(self._fixture_function, *args, **kwargs)\n    \n        with self:\n>           return self._fixture_function(*args, **kwargs)\n\n/opt/hostedtoolcache/Python/3.12.2/x64/lib/python3.12/site-packages/allure_commons/_allure.py:221: \n_ _ _ _ _ _ _ _ _ _ _ _ _ _ _ _ _ _ _ _ _ _ _ _ _ _ _ _ _ _ _ _ _ _ _ _ _ _ _ _ \ntests/conftest.py:12: in setup\n    browser.quit()\n/opt/hostedtoolcache/Python/3.12.2/x64/lib/python3.12/site-packages/selene/core/_browser.py:143: in quit\n    self.driver.quit()\n/opt/hostedtoolcache/Python/3.12.2/x64/lib/python3.12/site-packages/selene/core/_browser.py:34: in driver\n    return self.config.driver\n/opt/hostedtoolcache/Python/3.12.2/x64/lib/python3.12/site-packages/selene/core/configuration.py:305: in __get__\n    driver = config.build_driver_strategy(config)\n/opt/hostedtoolcache/Python/3.12.2/x64/lib/python3.12/site-packages/selene/core/configuration.py:129: in _build_local_driver_by_name_or_remote_by_url_and_options\n    return {  # type: ignore\n/opt/hostedtoolcache/Python/3.12.2/x64/lib/python3.12/site-packages/selene/core/configuration.py:66: in build_chrome\n    return Chrome(\n/opt/hostedtoolcache/Python/3.12.2/x64/lib/python3.12/site-packages/selenium/webdriver/chrome/webdriver.py:45: in __init__\n    super().__init__(\n/opt/hostedtoolcache/Python/3.12.2/x64/lib/python3.12/site-packages/selenium/webdriver/chromium/webdriver.py:61: in __init__\n    super().__init__(command_executor=executor, options=options)\n/opt/hostedtoolcache/Python/3.12.2/x64/lib/python3.12/site-packages/selenium/webdriver/remote/webdriver.py:208: in __init__\n    self.start_session(capabilities)\n/opt/hostedtoolcache/Python/3.12.2/x64/lib/python3.12/site-packages/selenium/webdriver/remote/webdriver.py:292: in start_session\n    response = self.execute(Command.NEW_SESSION, caps)[\"value\"]\n/opt/hostedtoolcache/Python/3.12.2/x64/lib/python3.12/site-packages/selenium/webdriver/remote/webdriver.py:347: in execute\n    self.error_handler.check_response(response)\n_ _ _ _ _ _ _ _ _ _ _ _ _ _ _ _ _ _ _ _ _ _ _ _ _ _ _ _ _ _ _ _ _ _ _ _ _ _ _ _ \n\nself = <selenium.webdriver.remote.errorhandler.ErrorHandler object at 0x7f46d86931a0>\nresponse = {'status': 500, 'value': '{\"value\":{\"error\":\"session not created\",\"message\":\"session not created: Chrome failed to sta...\\\\n#14 0x55616b7c2723 \\\\u003Cunknown>\\\\n#15 0x55616b7d30e4 \\\\u003Cunknown>\\\\n#16 0x7f2190094ac3 \\\\u003Cunknown>\\\\n\"}}'}\n\n    def check_response(self, response: Dict[str, Any]) -> None:\n        \"\"\"Checks that a JSON response from the WebDriver does not have an\n        error.\n    \n        :Args:\n         - response - The JSON response from the WebDriver server as a dictionary\n           object.\n    \n        :Raises: If the response contains an error message.\n        \"\"\"\n        status = response.get(\"status\", None)\n        if not status or status == ErrorCode.SUCCESS:\n            return\n        value = None\n        message = response.get(\"message\", \"\")\n        screen: str = response.get(\"screen\", \"\")\n        stacktrace = None\n        if isinstance(status, int):\n            value_json = response.get(\"value\", None)\n            if value_json and isinstance(value_json, str):\n                import json\n    \n                try:\n                    value = json.loads(value_json)\n                    if len(value) == 1:\n                        value = value[\"value\"]\n                    status = value.get(\"error\", None)\n                    if not status:\n                        status = value.get(\"status\", ErrorCode.UNKNOWN_ERROR)\n                        message = value.get(\"value\") or value.get(\"message\")\n                        if not isinstance(message, str):\n                            value = message\n                            message = message.get(\"message\")\n                    else:\n                        message = value.get(\"message\", None)\n                except ValueError:\n                    pass\n    \n        exception_class: Type[WebDriverException]\n        e = ErrorCode()\n        error_codes = [item for item in dir(e) if not item.startswith(\"__\")]\n        for error_code in error_codes:\n            error_info = getattr(ErrorCode, error_code)\n            if isinstance(error_info, list) and status in error_info:\n                exception_class = getattr(ExceptionMapping, error_code, WebDriverException)\n                break\n        else:\n            exception_class = WebDriverException\n    \n        if not value:\n            value = response[\"value\"]\n        if isinstance(value, str):\n            raise exception_class(value)\n        if message == \"\" and \"message\" in value:\n            message = value[\"message\"]\n    \n        screen = None  # type: ignore[assignment]\n        if \"screen\" in value:\n            screen = value[\"screen\"]\n    \n        stacktrace = None\n        st_value = value.get(\"stackTrace\") or value.get(\"stacktrace\")\n        if st_value:\n            if isinstance(st_value, str):\n                stacktrace = st_value.split(\"\\n\")\n            else:\n                stacktrace = []\n                try:\n                    for frame in st_value:\n                        line = frame.get(\"lineNumber\", \"\")\n                        file = frame.get(\"fileName\", \"<anonymous>\")\n                        if line:\n                            file = f\"{file}:{line}\"\n                        meth = frame.get(\"methodName\", \"<anonymous>\")\n                        if \"className\" in frame:\n                            meth = f\"{frame['className']}.{meth}\"\n                        msg = \"    at %s (%s)\"\n                        msg = msg % (meth, file)\n                        stacktrace.append(msg)\n                except TypeError:\n                    pass\n        if exception_class == UnexpectedAlertPresentException:\n            alert_text = None\n            if \"data\" in value:\n                alert_text = value[\"data\"].get(\"text\")\n            elif \"alert\" in value:\n                alert_text = value[\"alert\"].get(\"text\")\n            raise exception_class(message, screen, stacktrace, alert_text)  # type: ignore[call-arg]  # mypy is not smart enough here\n>       raise exception_class(message, screen, stacktrace)\nE       selenium.common.exceptions.SessionNotCreatedException: Message: session not created: Chrome failed to start: exited normally.\nE         (session not created: DevToolsActivePort file doesn't exist)\nE         (The process started from chrome location /usr/bin/google-chrome is no longer running, so ChromeDriver is assuming that Chrome has crashed.)\nE       Stacktrace:\nE       #0 0x55616b7d3f33 <unknown>\nE       #1 0x55616b4cbce6 <unknown>\nE       #2 0x55616b5006fa <unknown>\nE       #3 0x55616b4fc6ed <unknown>\nE       #4 0x55616b54571c <unknown>\nE       #5 0x55616b538c53 <unknown>\nE       #6 0x55616b509db3 <unknown>\nE       #7 0x55616b50a77e <unknown>\nE       #8 0x55616b79986b <unknown>\nE       #9 0x55616b79d885 <unknown>\nE       #10 0x55616b787181 <unknown>\nE       #11 0x55616b79e412 <unknown>\nE       #12 0x55616b76b25f <unknown>\nE       #13 0x55616b7c2528 <unknown>\nE       #14 0x55616b7c2723 <unknown>\nE       #15 0x55616b7d30e4 <unknown>\nE       #16 0x7f2190094ac3 <unknown>\n\n/opt/hostedtoolcache/Python/3.12.2/x64/lib/python3.12/site-packages/selenium/webdriver/remote/errorhandler.py:229: SessionNotCreatedException","flaky":false,"newFailed":false,"newBroken":false,"newPassed":false,"retriesCount":0,"retriesStatusChange":false,"beforeStages":[{"name":"setup","time":{"start":1711378558636,"stop":1711378558636,"duration":0},"status":"passed","steps":[],"attachments":[],"parameters":[],"shouldDisplayMessage":false,"stepsCount":0,"attachmentsCount":0,"hasContent":false,"attachmentStep":false}],"testStage":{"status":"broken","statusMessage":"selenium.common.exceptions.SessionNotCreatedException: Message: session not created: Chrome failed to start: exited normally.\n  (session not created: DevToolsActivePort file doesn't exist)\n  (The process started from chrome location /usr/bin/google-chrome is no longer running, so ChromeDriver is assuming that Chrome has crashed.)\nStacktrace:\n#0 0x55616b7d3f33 <unknown>\n#1 0x55616b4cbce6 <unknown>\n#2 0x55616b5006fa <unknown>\n#3 0x55616b4fc6ed <unknown>\n#4 0x55616b54571c <unknown>\n#5 0x55616b538c53 <unknown>\n#6 0x55616b509db3 <unknown>\n#7 0x55616b50a77e <unknown>\n#8 0x55616b79986b <unknown>\n#9 0x55616b79d885 <unknown>\n#10 0x55616b787181 <unknown>\n#11 0x55616b79e412 <unknown>\n#12 0x55616b76b25f <unknown>\n#13 0x55616b7c2528 <unknown>\n#14 0x55616b7c2723 <unknown>\n#15 0x55616b7d30e4 <unknown>\n#16 0x7f2190094ac3 <unknown>","statusTrace":"self = <allure_commons._allure.fixture object at 0x7f46d7cdd670>, args = ()\nkwargs = {}\n\n    def __call__(self, *args, **kwargs):\n        self.parameters = func_parameters(self._fixture_function, *args, **kwargs)\n    \n        with self:\n>           return self._fixture_function(*args, **kwargs)\n\n/opt/hostedtoolcache/Python/3.12.2/x64/lib/python3.12/site-packages/allure_commons/_allure.py:221: \n_ _ _ _ _ _ _ _ _ _ _ _ _ _ _ _ _ _ _ _ _ _ _ _ _ _ _ _ _ _ _ _ _ _ _ _ _ _ _ _ \ntests/conftest.py:12: in setup\n    browser.quit()\n/opt/hostedtoolcache/Python/3.12.2/x64/lib/python3.12/site-packages/selene/core/_browser.py:143: in quit\n    self.driver.quit()\n/opt/hostedtoolcache/Python/3.12.2/x64/lib/python3.12/site-packages/selene/core/_browser.py:34: in driver\n    return self.config.driver\n/opt/hostedtoolcache/Python/3.12.2/x64/lib/python3.12/site-packages/selene/core/configuration.py:305: in __get__\n    driver = config.build_driver_strategy(config)\n/opt/hostedtoolcache/Python/3.12.2/x64/lib/python3.12/site-packages/selene/core/configuration.py:129: in _build_local_driver_by_name_or_remote_by_url_and_options\n    return {  # type: ignore\n/opt/hostedtoolcache/Python/3.12.2/x64/lib/python3.12/site-packages/selene/core/configuration.py:66: in build_chrome\n    return Chrome(\n/opt/hostedtoolcache/Python/3.12.2/x64/lib/python3.12/site-packages/selenium/webdriver/chrome/webdriver.py:45: in __init__\n    super().__init__(\n/opt/hostedtoolcache/Python/3.12.2/x64/lib/python3.12/site-packages/selenium/webdriver/chromium/webdriver.py:61: in __init__\n    super().__init__(command_executor=executor, options=options)\n/opt/hostedtoolcache/Python/3.12.2/x64/lib/python3.12/site-packages/selenium/webdriver/remote/webdriver.py:208: in __init__\n    self.start_session(capabilities)\n/opt/hostedtoolcache/Python/3.12.2/x64/lib/python3.12/site-packages/selenium/webdriver/remote/webdriver.py:292: in start_session\n    response = self.execute(Command.NEW_SESSION, caps)[\"value\"]\n/opt/hostedtoolcache/Python/3.12.2/x64/lib/python3.12/site-packages/selenium/webdriver/remote/webdriver.py:347: in execute\n    self.error_handler.check_response(response)\n_ _ _ _ _ _ _ _ _ _ _ _ _ _ _ _ _ _ _ _ _ _ _ _ _ _ _ _ _ _ _ _ _ _ _ _ _ _ _ _ \n\nself = <selenium.webdriver.remote.errorhandler.ErrorHandler object at 0x7f46d86931a0>\nresponse = {'status': 500, 'value': '{\"value\":{\"error\":\"session not created\",\"message\":\"session not created: Chrome failed to sta...\\\\n#14 0x55616b7c2723 \\\\u003Cunknown>\\\\n#15 0x55616b7d30e4 \\\\u003Cunknown>\\\\n#16 0x7f2190094ac3 \\\\u003Cunknown>\\\\n\"}}'}\n\n    def check_response(self, response: Dict[str, Any]) -> None:\n        \"\"\"Checks that a JSON response from the WebDriver does not have an\n        error.\n    \n        :Args:\n         - response - The JSON response from the WebDriver server as a dictionary\n           object.\n    \n        :Raises: If the response contains an error message.\n        \"\"\"\n        status = response.get(\"status\", None)\n        if not status or status == ErrorCode.SUCCESS:\n            return\n        value = None\n        message = response.get(\"message\", \"\")\n        screen: str = response.get(\"screen\", \"\")\n        stacktrace = None\n        if isinstance(status, int):\n            value_json = response.get(\"value\", None)\n            if value_json and isinstance(value_json, str):\n                import json\n    \n                try:\n                    value = json.loads(value_json)\n                    if len(value) == 1:\n                        value = value[\"value\"]\n                    status = value.get(\"error\", None)\n                    if not status:\n                        status = value.get(\"status\", ErrorCode.UNKNOWN_ERROR)\n                        message = value.get(\"value\") or value.get(\"message\")\n                        if not isinstance(message, str):\n                            value = message\n                            message = message.get(\"message\")\n                    else:\n                        message = value.get(\"message\", None)\n                except ValueError:\n                    pass\n    \n        exception_class: Type[WebDriverException]\n        e = ErrorCode()\n        error_codes = [item for item in dir(e) if not item.startswith(\"__\")]\n        for error_code in error_codes:\n            error_info = getattr(ErrorCode, error_code)\n            if isinstance(error_info, list) and status in error_info:\n                exception_class = getattr(ExceptionMapping, error_code, WebDriverException)\n                break\n        else:\n            exception_class = WebDriverException\n    \n        if not value:\n            value = response[\"value\"]\n        if isinstance(value, str):\n            raise exception_class(value)\n        if message == \"\" and \"message\" in value:\n            message = value[\"message\"]\n    \n        screen = None  # type: ignore[assignment]\n        if \"screen\" in value:\n            screen = value[\"screen\"]\n    \n        stacktrace = None\n        st_value = value.get(\"stackTrace\") or value.get(\"stacktrace\")\n        if st_value:\n            if isinstance(st_value, str):\n                stacktrace = st_value.split(\"\\n\")\n            else:\n                stacktrace = []\n                try:\n                    for frame in st_value:\n                        line = frame.get(\"lineNumber\", \"\")\n                        file = frame.get(\"fileName\", \"<anonymous>\")\n                        if line:\n                            file = f\"{file}:{line}\"\n                        meth = frame.get(\"methodName\", \"<anonymous>\")\n                        if \"className\" in frame:\n                            meth = f\"{frame['className']}.{meth}\"\n                        msg = \"    at %s (%s)\"\n                        msg = msg % (meth, file)\n                        stacktrace.append(msg)\n                except TypeError:\n                    pass\n        if exception_class == UnexpectedAlertPresentException:\n            alert_text = None\n            if \"data\" in value:\n                alert_text = value[\"data\"].get(\"text\")\n            elif \"alert\" in value:\n                alert_text = value[\"alert\"].get(\"text\")\n            raise exception_class(message, screen, stacktrace, alert_text)  # type: ignore[call-arg]  # mypy is not smart enough here\n>       raise exception_class(message, screen, stacktrace)\nE       selenium.common.exceptions.SessionNotCreatedException: Message: session not created: Chrome failed to start: exited normally.\nE         (session not created: DevToolsActivePort file doesn't exist)\nE         (The process started from chrome location /usr/bin/google-chrome is no longer running, so ChromeDriver is assuming that Chrome has crashed.)\nE       Stacktrace:\nE       #0 0x55616b7d3f33 <unknown>\nE       #1 0x55616b4cbce6 <unknown>\nE       #2 0x55616b5006fa <unknown>\nE       #3 0x55616b4fc6ed <unknown>\nE       #4 0x55616b54571c <unknown>\nE       #5 0x55616b538c53 <unknown>\nE       #6 0x55616b509db3 <unknown>\nE       #7 0x55616b50a77e <unknown>\nE       #8 0x55616b79986b <unknown>\nE       #9 0x55616b79d885 <unknown>\nE       #10 0x55616b787181 <unknown>\nE       #11 0x55616b79e412 <unknown>\nE       #12 0x55616b76b25f <unknown>\nE       #13 0x55616b7c2528 <unknown>\nE       #14 0x55616b7c2723 <unknown>\nE       #15 0x55616b7d30e4 <unknown>\nE       #16 0x7f2190094ac3 <unknown>\n\n/opt/hostedtoolcache/Python/3.12.2/x64/lib/python3.12/site-packages/selenium/webdriver/remote/errorhandler.py:229: SessionNotCreatedException","steps":[],"attachments":[{"uid":"642e2c80cfae6385","name":"Text","source":"642e2c80cfae6385.txt","type":"text/plain","size":12},{"uid":"33a5b96c73a59092","name":"Html","source":"33a5b96c73a59092.html","type":"text/html","size":21},{"uid":"d88062d5a8666378","name":"Json","source":"d88062d5a8666378.json","type":"application/json","size":25}],"parameters":[],"shouldDisplayMessage":true,"stepsCount":0,"attachmentsCount":3,"hasContent":true,"attachmentStep":false},"afterStages":[{"name":"setup::0","time":{"start":1711378558637,"stop":1711378561604,"duration":2967},"status":"broken","statusMessage":"selenium.common.exceptions.SessionNotCreatedException: Message: session not created: Chrome failed to start: exited normally.\n  (session not created: DevToolsActivePort file doesn't exist)\n  (The process started from chrome location /usr/bin/google-chrome is no longer running, so ChromeDriver is assuming that Chrome has crashed.)\nStacktrace:\n#0 0x55616b7d3f33 <unknown>\n#1 0x55616b4cbce6 <unknown>\n#2 0x55616b5006fa <unknown>\n#3 0x55616b4fc6ed <unknown>\n#4 0x55616b54571c <unknown>\n#5 0x55616b538c53 <unknown>\n#6 0x55616b509db3 <unknown>\n#7 0x55616b50a77e <unknown>\n#8 0x55616b79986b <unknown>\n#9 0x55616b79d885 <unknown>\n#10 0x55616b787181 <unknown>\n#11 0x55616b79e412 <unknown>\n#12 0x55616b76b25f <unknown>\n#13 0x55616b7c2528 <unknown>\n#14 0x55616b7c2723 <unknown>\n#15 0x55616b7d30e4 <unknown>\n#16 0x7f2190094ac3 <unknown>\n\n","statusTrace":"  File \"/opt/hostedtoolcache/Python/3.12.2/x64/lib/python3.12/site-packages/allure_commons/_allure.py\", line 221, in __call__\n    return self._fixture_function(*args, **kwargs)\n           ^^^^^^^^^^^^^^^^^^^^^^^^^^^^^^^^^^^^^^^\n  File \"/opt/hostedtoolcache/Python/3.12.2/x64/lib/python3.12/site-packages/_pytest/fixtures.py\", line 922, in _teardown_yield_fixture\n    next(it)\n  File \"/home/runner/work/qa_guru_python_10_9/qa_guru_python_10_9/tests/conftest.py\", line 12, in setup\n    browser.quit()\n  File \"/opt/hostedtoolcache/Python/3.12.2/x64/lib/python3.12/site-packages/selene/core/_browser.py\", line 143, in quit\n    self.driver.quit()\n    ^^^^^^^^^^^\n  File \"/opt/hostedtoolcache/Python/3.12.2/x64/lib/python3.12/site-packages/selene/core/_browser.py\", line 34, in driver\n    return self.config.driver\n           ^^^^^^^^^^^^^^^^^^\n  File \"/opt/hostedtoolcache/Python/3.12.2/x64/lib/python3.12/site-packages/selene/core/configuration.py\", line 305, in __get__\n    driver = config.build_driver_strategy(config)\n             ^^^^^^^^^^^^^^^^^^^^^^^^^^^^^^^^^^^^\n  File \"/opt/hostedtoolcache/Python/3.12.2/x64/lib/python3.12/site-packages/selene/core/configuration.py\", line 129, in _build_local_driver_by_name_or_remote_by_url_and_options\n    return {  # type: ignore\n           ^^^^^^^^^^^^^^^^^\n  File \"/opt/hostedtoolcache/Python/3.12.2/x64/lib/python3.12/site-packages/selene/core/configuration.py\", line 66, in build_chrome\n    return Chrome(\n           ^^^^^^^\n  File \"/opt/hostedtoolcache/Python/3.12.2/x64/lib/python3.12/site-packages/selenium/webdriver/chrome/webdriver.py\", line 45, in __init__\n    super().__init__(\n  File \"/opt/hostedtoolcache/Python/3.12.2/x64/lib/python3.12/site-packages/selenium/webdriver/chromium/webdriver.py\", line 61, in __init__\n    super().__init__(command_executor=executor, options=options)\n  File \"/opt/hostedtoolcache/Python/3.12.2/x64/lib/python3.12/site-packages/selenium/webdriver/remote/webdriver.py\", line 208, in __init__\n    self.start_session(capabilities)\n  File \"/opt/hostedtoolcache/Python/3.12.2/x64/lib/python3.12/site-packages/selenium/webdriver/remote/webdriver.py\", line 292, in start_session\n    response = self.execute(Command.NEW_SESSION, caps)[\"value\"]\n               ^^^^^^^^^^^^^^^^^^^^^^^^^^^^^^^^^^^^^^^\n  File \"/opt/hostedtoolcache/Python/3.12.2/x64/lib/python3.12/site-packages/selenium/webdriver/remote/webdriver.py\", line 347, in execute\n    self.error_handler.check_response(response)\n  File \"/opt/hostedtoolcache/Python/3.12.2/x64/lib/python3.12/site-packages/selenium/webdriver/remote/errorhandler.py\", line 229, in check_response\n    raise exception_class(message, screen, stacktrace)\n","steps":[],"attachments":[],"parameters":[],"shouldDisplayMessage":true,"stepsCount":0,"attachmentsCount":0,"hasContent":true,"attachmentStep":false}],"labels":[{"name":"parentSuite","value":"tests"},{"name":"suite","value":"test_attachments"},{"name":"host","value":"fv-az1196-255"},{"name":"thread","value":"2279-MainThread"},{"name":"framework","value":"pytest"},{"name":"language","value":"cpython3"},{"name":"package","value":"tests.test_attachments"},{"name":"resultFormat","value":"allure2"}],"parameters":[],"links":[],"hidden":false,"retry":false,"extra":{"severity":"normal","retries":[],"categories":[{"name":"Test defects","matchedStatuses":[],"flaky":false}],"tags":[]},"source":"8902fbea99cd93b5.json","parameterValues":[]}